2020-12-10 20:58:08,156 0      [ost-startStop-1] INFO  work.web.context.ContextLoader  - Root WebApplicationContext: initialization started
2020-12-10 20:58:08,203 47     [ost-startStop-1] INFO  pport.XmlWebApplicationContext  - Refreshing Root WebApplicationContext: startup date [Thu Dec 10 20:58:08 CST 2020]; root of context hierarchy
2020-12-10 20:58:08,248 92     [ost-startStop-1] INFO  ry.xml.XmlBeanDefinitionReader  - Loading XML bean definitions from class path resource [applicationContext.xml]
2020-12-10 20:58:08,848 692    [ost-startStop-1] INFO  redAnnotationBeanPostProcessor  - JSR-330 'javax.inject.Inject' annotation found and supported for autowiring
2020-12-10 20:58:08,974 818    [ost-startStop-1] INFO         com.mchange.v2.log.MLog  - MLog clients using log4j logging.
2020-12-10 20:58:09,000 844    [ost-startStop-1] INFO  m.mchange.v2.c3p0.C3P0Registry  - Initializing c3p0-0.9.1.2 [built 21-May-2007 15:04:56; debug? true; trace: 10]
2020-12-10 20:58:09,471 1315   [ost-startStop-1] INFO  work.web.context.ContextLoader  - Root WebApplicationContext: initialization completed in 1313 ms
2020-12-10 20:58:09,498 1342   [ost-startStop-1] INFO  .web.servlet.DispatcherServlet  - FrameworkServlet 'dispatcherServlet': initialization started
2020-12-10 20:58:09,501 1345   [ost-startStop-1] INFO  pport.XmlWebApplicationContext  - Refreshing WebApplicationContext for namespace 'dispatcherServlet-servlet': startup date [Thu Dec 10 20:58:09 CST 2020]; parent: Root WebApplicationContext
2020-12-10 20:58:09,502 1346   [ost-startStop-1] INFO  ry.xml.XmlBeanDefinitionReader  - Loading XML bean definitions from URL [file:/D:/IdeaProjects/Wuji/target/classes/springmvc.xml]
2020-12-10 20:58:09,651 1495   [ost-startStop-1] INFO  redAnnotationBeanPostProcessor  - JSR-330 'javax.inject.Inject' annotation found and supported for autowiring
2020-12-10 20:58:09,874 1718   [ost-startStop-1] INFO  andler.SimpleUrlHandlerMapping  - Mapped URL path [/js/**] onto handler 'org.springframework.web.servlet.resource.ResourceHttpRequestHandler#0'
2020-12-10 20:58:09,892 1736   [ost-startStop-1] INFO  andler.SimpleUrlHandlerMapping  - Mapped URL path [/css/**] onto handler 'org.springframework.web.servlet.resource.ResourceHttpRequestHandler#1'
2020-12-10 20:58:09,897 1741   [ost-startStop-1] INFO  andler.SimpleUrlHandlerMapping  - Mapped URL path [/images/**] onto handler 'org.springframework.web.servlet.resource.ResourceHttpRequestHandler#2'
2020-12-10 20:58:09,903 1747   [ost-startStop-1] INFO  andler.SimpleUrlHandlerMapping  - Mapped URL path [/video/**] onto handler 'org.springframework.web.servlet.resource.ResourceHttpRequestHandler#3'
2020-12-10 20:58:09,938 1782   [ost-startStop-1] INFO  n.RequestMappingHandlerMapping  - Mapped "{[/comment/topicInfo]}" onto public java.lang.String com.lxc.controller.CommentController.goToCommentInfo(java.lang.String,org.springframework.ui.Model)
2020-12-10 20:58:09,939 1783   [ost-startStop-1] INFO  n.RequestMappingHandlerMapping  - Mapped "{[/comment/addComment]}" onto public java.lang.String com.lxc.controller.CommentController.addComment(com.lxc.entity.Comment,org.springframework.ui.Model,javax.servlet.http.HttpServletRequest)
2020-12-10 20:58:09,941 1785   [ost-startStop-1] INFO  n.RequestMappingHandlerMapping  - Mapped "{[/page/user_protocol]}" onto public java.lang.String com.lxc.controller.PageController.Page_user_protocol()
2020-12-10 20:58:09,941 1785   [ost-startStop-1] INFO  n.RequestMappingHandlerMapping  - Mapped "{[/page/main]}" onto public java.lang.String com.lxc.controller.PageController.Page_main(org.springframework.ui.Model,javax.servlet.http.HttpServletRequest)
2020-12-10 20:58:09,941 1785   [ost-startStop-1] INFO  n.RequestMappingHandlerMapping  - Mapped "{[/page/register]}" onto public java.lang.String com.lxc.controller.PageController.Page_register()
2020-12-10 20:58:09,942 1786   [ost-startStop-1] INFO  n.RequestMappingHandlerMapping  - Mapped "{[/page/login]}" onto public java.lang.String com.lxc.controller.PageController.Page_login()
2020-12-10 20:58:09,942 1786   [ost-startStop-1] INFO  n.RequestMappingHandlerMapping  - Mapped "{[/page/topicInfo]}" onto public java.lang.String com.lxc.controller.PageController.Page_topicInfo(javax.servlet.http.HttpServletRequest,org.springframework.ui.Model)
2020-12-10 20:58:09,942 1786   [ost-startStop-1] INFO  n.RequestMappingHandlerMapping  - Mapped "{[/page/user_information]}" onto public java.lang.String com.lxc.controller.PageController.Page_information(javax.servlet.http.HttpServletRequest,org.springframework.ui.Model) throws java.text.ParseException
2020-12-10 20:58:09,943 1787   [ost-startStop-1] INFO  n.RequestMappingHandlerMapping  - Mapped "{[/page/topicAdd]}" onto public java.lang.String com.lxc.controller.PageController.Page_topicAdd(javax.servlet.http.HttpServletRequest)
2020-12-10 20:58:09,944 1788   [ost-startStop-1] INFO  n.RequestMappingHandlerMapping  - Mapped "{[/topic/search]}" onto public java.lang.String com.lxc.controller.TopicController.search(java.lang.String,org.springframework.ui.Model)
2020-12-10 20:58:09,944 1788   [ost-startStop-1] INFO  n.RequestMappingHandlerMapping  - Mapped "{[/topic/addTopic]}" onto public java.lang.String com.lxc.controller.TopicController.addTopic(com.lxc.entity.Topic)
2020-12-10 20:58:09,948 1792   [ost-startStop-1] INFO  n.RequestMappingHandlerMapping  - Mapped "{[/user/register],produces=[text/html;charset=UTF-8]}" onto public java.lang.String com.lxc.controller.UserController.register(com.lxc.entity.User,org.springframework.ui.Model,javax.servlet.http.HttpServletRequest)
2020-12-10 20:58:09,949 1793   [ost-startStop-1] INFO  n.RequestMappingHandlerMapping  - Mapped "{[/user/logout]}" onto public java.lang.String com.lxc.controller.UserController.logout(javax.servlet.http.HttpServletRequest)
2020-12-10 20:58:09,949 1793   [ost-startStop-1] INFO  n.RequestMappingHandlerMapping  - Mapped "{[/user/login],produces=[text/html;charset=UTF-8]}" onto public java.lang.String com.lxc.controller.UserController.login(com.lxc.entity.User,org.springframework.ui.Model,javax.servlet.http.HttpServletRequest)
2020-12-10 20:58:09,950 1794   [ost-startStop-1] INFO  n.RequestMappingHandlerMapping  - Mapped "{[/user/information]}" onto public java.lang.String com.lxc.controller.UserController.userInformation(javax.servlet.http.HttpServletRequest,org.springframework.ui.Model)
2020-12-10 20:58:09,950 1794   [ost-startStop-1] INFO  n.RequestMappingHandlerMapping  - Mapped "{[/user/saveInformation]}" onto public java.lang.String com.lxc.controller.UserController.saveInformation(java.lang.String,java.lang.String,java.lang.String,java.lang.String,java.lang.String,org.springframework.web.multipart.MultipartFile,javax.servlet.http.HttpServletRequest,org.springframework.ui.Model) throws java.lang.Exception
2020-12-10 20:58:10,027 1871   [ost-startStop-1] INFO  n.RequestMappingHandlerAdapter  - Looking for @ControllerAdvice: WebApplicationContext for namespace 'dispatcherServlet-servlet': startup date [Thu Dec 10 20:58:09 CST 2020]; parent: Root WebApplicationContext
2020-12-10 20:58:10,074 1918   [ost-startStop-1] INFO  n.RequestMappingHandlerAdapter  - Looking for @ControllerAdvice: WebApplicationContext for namespace 'dispatcherServlet-servlet': startup date [Thu Dec 10 20:58:09 CST 2020]; parent: Root WebApplicationContext
2020-12-10 20:58:10,111 1955   [ost-startStop-1] INFO  andler.SimpleUrlHandlerMapping  - Mapped URL path [/**] onto handler 'org.springframework.web.servlet.resource.DefaultServletHttpRequestHandler#0'
2020-12-10 20:58:10,159 2003   [ost-startStop-1] INFO  .web.servlet.DispatcherServlet  - FrameworkServlet 'dispatcherServlet': initialization completed in 661 ms
